<?xml version="1.0" encoding="UTF-8"?>
<!-- Generated by org.testng.reporters.JUnitReportReporter -->
<testsuite hostname="W-PF3XL2J0" failures="0" tests="1" name="com.qa.testpages.FlightsPageTest" time="29.368" errors="0" timestamp="2025-02-19T16:36:32 IST" skipped="0">
  <testcase classname="com.qa.testpages.FlightsPageTest" name="testFlightSearch" time="29.368"/>
  <system-out/>
</testsuite> <!-- com.qa.testpages.FlightsPageTest -->
