<?xml version="1.0" encoding="UTF-8"?>
<!-- Generated by org.testng.reporters.JUnitReportReporter -->
<testsuite hostname="W-PF3XL2J0" failures="0" tests="1" name="com.qa.testpages.FlightsPageTest" time="33.337" errors="0" timestamp="13 Feb 2025 13:21:12 GMT" skipped="0">
  <testcase classname="com.qa.testpages.FlightsPageTest" name="testFlightSearch" time="33.337"/>
</testsuite> <!-- com.qa.testpages.FlightsPageTest -->
